[2025-06-12 16:53:58] INFO [Thread-1 (process_request_thread)] Elasticsearch write data: 1000 records like: [{'name': 'Product 0', 'category': 'Food', 'price': 697.26, 'stock': 629, 'description': 'This is a detailed description for product 0. This is a detailed description for product 0. This is a detailed description for product 0. This is a detailed description for product 0. This is a detailed description for product 0. This is a detailed description for product 0. This is a detailed description for product 0. This is a detailed description for product 0. This is a detailed description for product 0. This is a detailed description for product 0. ', 'rating': 2.3}, {'name': 'Product 1', 'category': 'Food', 'price': 762.18, 'stock': 452, 'description': 'This is a detailed description for product 1. This is a detailed description for product 1. This is a detailed description for product 1. This is a detailed description for product 1. This is a detailed description for product 1. This is a detailed description for product 1. This is a detailed description for product 1. This is a detailed description for product 1. This is a detailed description for product 1. This is a detailed description for product 1. ', 'rating': 3.5}]
[2025-06-12 16:53:59] INFO [Thread-1 (process_request_thread)] Completed Elastic Write benchmark: 1.211s
[2025-06-12 16:54:06] INFO [Thread-1 (process_request_thread)] Completed Elastic Read benchmark: 6.934s
[2025-06-12 16:54:06] INFO [Thread-1 (process_request_thread)] Completed Elastic Aggregate benchmark: 0.075s
[2025-06-12 16:54:06] INFO [Thread-1 (process_request_thread)] mongo write data: 1000 records like: [{'name': 'Product 0', 'category': 'Food', 'price': 697.26, 'stock': 629, 'description': 'This is a detailed description for product 0. This is a detailed description for product 0. This is a detailed description for product 0. This is a detailed description for product 0. This is a detailed description for product 0. This is a detailed description for product 0. This is a detailed description for product 0. This is a detailed description for product 0. This is a detailed description for product 0. This is a detailed description for product 0. ', 'rating': 2.3}, {'name': 'Product 1', 'category': 'Food', 'price': 762.18, 'stock': 452, 'description': 'This is a detailed description for product 1. This is a detailed description for product 1. This is a detailed description for product 1. This is a detailed description for product 1. This is a detailed description for product 1. This is a detailed description for product 1. This is a detailed description for product 1. This is a detailed description for product 1. This is a detailed description for product 1. This is a detailed description for product 1. ', 'rating': 3.5}]
[2025-06-12 16:54:06] INFO [Thread-1 (process_request_thread)] Completed Mongo Write benchmark: 0.080s
[2025-06-12 16:54:07] INFO [Thread-1 (process_request_thread)] Completed Mongo Read benchmark: 1.376s
[2025-06-12 16:54:07] INFO [Thread-1 (process_request_thread)] Completed Mongo Aggregate benchmark: 0.029s
[2025-06-12 16:54:07] INFO [Thread-1 (process_request_thread)] postgres write data: 1000 records like: [{'name': 'Product 0', 'category': 'Food', 'price': 697.26, 'stock': 629, 'description': 'This is a detailed description for product 0. This is a detailed description for product 0. This is a detailed description for product 0. This is a detailed description for product 0. This is a detailed description for product 0. This is a detailed description for product 0. This is a detailed description for product 0. This is a detailed description for product 0. This is a detailed description for product 0. This is a detailed description for product 0. ', 'rating': 2.3}, {'name': 'Product 1', 'category': 'Food', 'price': 762.18, 'stock': 452, 'description': 'This is a detailed description for product 1. This is a detailed description for product 1. This is a detailed description for product 1. This is a detailed description for product 1. This is a detailed description for product 1. This is a detailed description for product 1. This is a detailed description for product 1. This is a detailed description for product 1. This is a detailed description for product 1. This is a detailed description for product 1. ', 'rating': 3.5}]
[2025-06-12 16:54:08] INFO [Thread-1 (process_request_thread)] Completed Postgres Write benchmark: 0.656s
[2025-06-12 16:54:09] INFO [Thread-1 (process_request_thread)] Completed Postgres Read benchmark: 1.160s
[2025-06-12 16:54:09] INFO [Thread-1 (process_request_thread)] Completed Postgres Aggregate benchmark: 0.005s
[2025-06-12 16:54:09] INFO [Thread-1 (process_request_thread)] response received, dbs results: 9
[2025-06-12 18:34:12] INFO [Thread-1 (process_request_thread)] Elasticsearch write data: 1000 records like: [{'name': 'Product 0', 'category': 'Food', 'price': 337.23, 'stock': 311, 'description': 'This is a detailed description for product 0. This is a detailed description for product 0. This is a detailed description for product 0. This is a detailed description for product 0. This is a detailed description for product 0. This is a detailed description for product 0. This is a detailed description for product 0. This is a detailed description for product 0. This is a detailed description for product 0. This is a detailed description for product 0. ', 'rating': 3.3}, {'name': 'Product 1', 'category': 'Toys', 'price': 987.49, 'stock': 956, 'description': 'This is a detailed description for product 1. This is a detailed description for product 1. This is a detailed description for product 1. This is a detailed description for product 1. This is a detailed description for product 1. This is a detailed description for product 1. This is a detailed description for product 1. This is a detailed description for product 1. This is a detailed description for product 1. This is a detailed description for product 1. ', 'rating': 1.0}]
[2025-06-12 18:34:13] INFO [Thread-1 (process_request_thread)] Completed Elastic Write benchmark: 1.659s
[2025-06-12 18:34:20] INFO [Thread-1 (process_request_thread)] Completed Elastic Read benchmark: 6.074s
[2025-06-12 18:34:20] INFO [Thread-1 (process_request_thread)] Completed Elastic Aggregate benchmark: 0.178s
[2025-06-12 18:34:20] INFO [Thread-1 (process_request_thread)] mongo write data: 1000 records like: [{'name': 'Product 0', 'category': 'Food', 'price': 337.23, 'stock': 311, 'description': 'This is a detailed description for product 0. This is a detailed description for product 0. This is a detailed description for product 0. This is a detailed description for product 0. This is a detailed description for product 0. This is a detailed description for product 0. This is a detailed description for product 0. This is a detailed description for product 0. This is a detailed description for product 0. This is a detailed description for product 0. ', 'rating': 3.3}, {'name': 'Product 1', 'category': 'Toys', 'price': 987.49, 'stock': 956, 'description': 'This is a detailed description for product 1. This is a detailed description for product 1. This is a detailed description for product 1. This is a detailed description for product 1. This is a detailed description for product 1. This is a detailed description for product 1. This is a detailed description for product 1. This is a detailed description for product 1. This is a detailed description for product 1. This is a detailed description for product 1. ', 'rating': 1.0}]
[2025-06-12 18:34:20] INFO [Thread-1 (process_request_thread)] Completed Mongo Write benchmark: 0.179s
[2025-06-12 18:34:22] INFO [Thread-1 (process_request_thread)] Completed Mongo Read benchmark: 1.666s
[2025-06-12 18:34:22] INFO [Thread-1 (process_request_thread)] Completed Mongo Aggregate benchmark: 0.032s
[2025-06-12 18:34:22] INFO [Thread-1 (process_request_thread)] postgres write data: 1000 records like: [{'name': 'Product 0', 'category': 'Food', 'price': 337.23, 'stock': 311, 'description': 'This is a detailed description for product 0. This is a detailed description for product 0. This is a detailed description for product 0. This is a detailed description for product 0. This is a detailed description for product 0. This is a detailed description for product 0. This is a detailed description for product 0. This is a detailed description for product 0. This is a detailed description for product 0. This is a detailed description for product 0. ', 'rating': 3.3}, {'name': 'Product 1', 'category': 'Toys', 'price': 987.49, 'stock': 956, 'description': 'This is a detailed description for product 1. This is a detailed description for product 1. This is a detailed description for product 1. This is a detailed description for product 1. This is a detailed description for product 1. This is a detailed description for product 1. This is a detailed description for product 1. This is a detailed description for product 1. This is a detailed description for product 1. This is a detailed description for product 1. ', 'rating': 1.0}]
[2025-06-12 18:34:22] INFO [Thread-1 (process_request_thread)] Completed Postgres Write benchmark: 0.263s
[2025-06-12 18:34:23] INFO [Thread-1 (process_request_thread)] Completed Postgres Read benchmark: 1.335s
[2025-06-12 18:34:23] INFO [Thread-1 (process_request_thread)] Completed Postgres Aggregate benchmark: 0.011s
[2025-06-12 18:34:23] INFO [Thread-1 (process_request_thread)] response received, dbs results: 9
[2025-06-12 18:36:12] INFO [Thread-1 (process_request_thread)] Elasticsearch write data: 1000 records like: [{'name': 'Product 0', 'category': 'Sports', 'price': 931.19, 'stock': 140, 'description': 'This is a detailed description for product 0 in Sports category. High quality and reliable.', 'rating': 2.9}, {'name': 'Self-Help Manual 1', 'category': 'Books', 'price': 82.84, 'stock': 581, 'description': 'Practical self-improvement guide with actionable advice and strategies. Product ID: 1. Detailed specifications and features included.', 'rating': 3.8}]
[2025-06-12 18:36:14] INFO [Thread-1 (process_request_thread)] Completed Elastic Write benchmark: 1.623s
[2025-06-12 18:36:19] INFO [Thread-1 (process_request_thread)] Completed Elastic Read benchmark: 5.253s
[2025-06-12 18:36:19] INFO [Thread-1 (process_request_thread)] Completed Elastic Aggregate benchmark: 0.124s
[2025-06-12 18:36:19] INFO [Thread-1 (process_request_thread)] mongo write data: 1000 records like: [{'name': 'Product 0', 'category': 'Sports', 'price': 931.19, 'stock': 140, 'description': 'This is a detailed description for product 0 in Sports category. High quality and reliable.', 'rating': 2.9}, {'name': 'Self-Help Manual 1', 'category': 'Books', 'price': 82.84, 'stock': 581, 'description': 'Practical self-improvement guide with actionable advice and strategies. Product ID: 1. Detailed specifications and features included.', 'rating': 3.8}]
[2025-06-12 18:36:19] INFO [Thread-1 (process_request_thread)] Completed Mongo Write benchmark: 0.118s
[2025-06-12 18:36:21] INFO [Thread-1 (process_request_thread)] Completed Mongo Read benchmark: 1.740s
[2025-06-12 18:36:21] INFO [Thread-1 (process_request_thread)] Completed Mongo Aggregate benchmark: 0.030s
[2025-06-12 18:36:21] INFO [Thread-1 (process_request_thread)] postgres write data: 1000 records like: [{'name': 'Product 0', 'category': 'Sports', 'price': 931.19, 'stock': 140, 'description': 'This is a detailed description for product 0 in Sports category. High quality and reliable.', 'rating': 2.9}, {'name': 'Self-Help Manual 1', 'category': 'Books', 'price': 82.84, 'stock': 581, 'description': 'Practical self-improvement guide with actionable advice and strategies. Product ID: 1. Detailed specifications and features included.', 'rating': 3.8}]
[2025-06-12 18:36:21] INFO [Thread-1 (process_request_thread)] Completed Postgres Write benchmark: 0.149s
[2025-06-12 18:36:23] INFO [Thread-1 (process_request_thread)] Completed Postgres Read benchmark: 1.413s
[2025-06-12 18:36:23] INFO [Thread-1 (process_request_thread)] Completed Postgres Aggregate benchmark: 0.019s
[2025-06-12 18:36:23] INFO [Thread-1 (process_request_thread)] response received, dbs results: 9
[2025-06-12 18:37:00] INFO [Thread-1 (process_request_thread)] Elasticsearch write data: 1000 records like: [{'name': 'Product 0', 'category': 'Food', 'price': 512.97, 'stock': 8, 'description': 'This is a detailed description for product 0 in Food category. High quality and reliable.', 'rating': 1.9}, {'name': 'Winter Jacket 1', 'category': 'Clothing', 'price': 153.22, 'stock': 508, 'description': 'Warm winter jacket with weather protection and comfortable design. Product ID: 1. Detailed specifications and features included.', 'rating': 2.9}]
[2025-06-12 18:37:01] INFO [Thread-1 (process_request_thread)] Completed Elastic Write benchmark: 0.985s
[2025-06-12 18:37:06] INFO [Thread-1 (process_request_thread)] Completed Elastic Read benchmark: 5.174s
[2025-06-12 18:37:06] INFO [Thread-1 (process_request_thread)] Completed Elastic Aggregate benchmark: 0.080s
[2025-06-12 18:38:00] INFO [Thread-1 (process_request_thread)] Completed Elastic FullTextSearchSimple benchmark: 53.632s
[2025-06-12 18:38:00] INFO [Thread-1 (process_request_thread)] mongo write data: 1000 records like: [{'name': 'Product 0', 'category': 'Food', 'price': 512.97, 'stock': 8, 'description': 'This is a detailed description for product 0 in Food category. High quality and reliable.', 'rating': 1.9}, {'name': 'Winter Jacket 1', 'category': 'Clothing', 'price': 153.22, 'stock': 508, 'description': 'Warm winter jacket with weather protection and comfortable design. Product ID: 1. Detailed specifications and features included.', 'rating': 2.9}]
[2025-06-12 18:38:00] INFO [Thread-1 (process_request_thread)] Completed Mongo Write benchmark: 0.200s
[2025-06-12 18:38:02] INFO [Thread-1 (process_request_thread)] Completed Mongo Read benchmark: 2.154s
[2025-06-12 18:38:02] INFO [Thread-1 (process_request_thread)] Completed Mongo Aggregate benchmark: 0.029s
[2025-06-12 18:38:07] INFO [Thread-1 (process_request_thread)] Completed Mongo FullTextSearchSimple benchmark: 4.695s
[2025-06-12 18:38:07] INFO [Thread-1 (process_request_thread)] postgres write data: 1000 records like: [{'name': 'Product 0', 'category': 'Food', 'price': 512.97, 'stock': 8, 'description': 'This is a detailed description for product 0 in Food category. High quality and reliable.', 'rating': 1.9}, {'name': 'Winter Jacket 1', 'category': 'Clothing', 'price': 153.22, 'stock': 508, 'description': 'Warm winter jacket with weather protection and comfortable design. Product ID: 1. Detailed specifications and features included.', 'rating': 2.9}]
[2025-06-12 18:38:07] INFO [Thread-1 (process_request_thread)] Completed Postgres Write benchmark: 0.342s
[2025-06-12 18:38:09] INFO [Thread-1 (process_request_thread)] Completed Postgres Read benchmark: 1.671s
[2025-06-12 18:38:09] INFO [Thread-1 (process_request_thread)] Completed Postgres Aggregate benchmark: 0.008s
[2025-06-12 18:38:18] INFO [Thread-1 (process_request_thread)] Completed Postgres FullTextSearchSimple benchmark: 8.959s
[2025-06-12 18:38:18] INFO [Thread-1 (process_request_thread)] response received, dbs results: 12
[2025-06-13 06:00:04] INFO [Thread-1 (process_request_thread)] Elasticsearch write data: 1000 records like: [{'name': 'Product 0', 'category': 'Food', 'price': 875.35, 'stock': 878, 'description': 'This is a detailed description for product 0 in Food category. High quality and reliable.', 'rating': 3.5}, {'name': 'Product 1', 'category': 'Sports', 'price': 92.21, 'stock': 404, 'description': 'This is a detailed description for product 1 in Sports category. High quality and reliable.', 'rating': 3.1}]
[2025-06-13 06:00:07] INFO [Thread-1 (process_request_thread)] Completed Elastic Write benchmark: 2.898s
[2025-06-13 06:00:13] INFO [Thread-1 (process_request_thread)] Completed Elastic Read benchmark: 6.912s
[2025-06-13 06:00:14] INFO [Thread-1 (process_request_thread)] Completed Elastic Aggregate benchmark: 0.083s
[2025-06-13 06:01:21] INFO [Thread-1 (process_request_thread)] Completed Elastic FullTextSearchComplex benchmark: 67.068s
[2025-06-13 06:01:21] INFO [Thread-1 (process_request_thread)] mongo write data: 1000 records like: [{'name': 'Product 0', 'category': 'Food', 'price': 875.35, 'stock': 878, 'description': 'This is a detailed description for product 0 in Food category. High quality and reliable.', 'rating': 3.5}, {'name': 'Product 1', 'category': 'Sports', 'price': 92.21, 'stock': 404, 'description': 'This is a detailed description for product 1 in Sports category. High quality and reliable.', 'rating': 3.1}]
[2025-06-13 06:01:21] INFO [Thread-1 (process_request_thread)] Completed Mongo Write benchmark: 0.264s
[2025-06-13 06:01:24] INFO [Thread-1 (process_request_thread)] Completed Mongo Read benchmark: 2.865s
[2025-06-13 06:01:24] INFO [Thread-1 (process_request_thread)] Completed Mongo Aggregate benchmark: 0.058s
[2025-06-13 06:01:42] INFO [Thread-1 (process_request_thread)] Completed Mongo FullTextSearchComplex benchmark: 18.625s
[2025-06-13 06:01:42] INFO [Thread-1 (process_request_thread)] postgres write data: 1000 records like: [{'name': 'Product 0', 'category': 'Food', 'price': 875.35, 'stock': 878, 'description': 'This is a detailed description for product 0 in Food category. High quality and reliable.', 'rating': 3.5}, {'name': 'Product 1', 'category': 'Sports', 'price': 92.21, 'stock': 404, 'description': 'This is a detailed description for product 1 in Sports category. High quality and reliable.', 'rating': 3.1}]
[2025-06-13 06:01:43] INFO [Thread-1 (process_request_thread)] Completed Postgres Write benchmark: 0.305s
[2025-06-13 06:01:45] INFO [Thread-1 (process_request_thread)] Completed Postgres Read benchmark: 2.054s
[2025-06-13 06:01:45] INFO [Thread-1 (process_request_thread)] Completed Postgres Aggregate benchmark: 0.013s
[2025-06-13 06:08:37] INFO [Thread-1 (process_request_thread)] Completed Postgres FullTextSearchComplex benchmark: 412.607s
[2025-06-13 06:08:38] INFO [Thread-1 (process_request_thread)] response received, dbs results: 12
